INFO: [VRFC 10-2263] Analyzing Verilog file "C:/Users/BUI THANH QUI/cpu_pipeline/cpu_pipeline.srcs/sources_1/imports/new/alu.v" into library xil_defaultlib
INFO: [VRFC 10-311] analyzing module alu
INFO: [VRFC 10-2263] Analyzing Verilog file "C:/Users/BUI THANH QUI/cpu_pipeline/cpu_pipeline.srcs/sources_1/imports/new/control_unit.v" into library xil_defaultlib
INFO: [VRFC 10-311] analyzing module control_unit
INFO: [VRFC 10-2263] Analyzing Verilog file "C:/Users/BUI THANH QUI/cpu_pipeline/cpu_pipeline.srcs/sources_1/imports/new/cpu_top.v" into library xil_defaultlib
INFO: [VRFC 10-311] analyzing module cpu_top
INFO: [VRFC 10-2263] Analyzing Verilog file "C:/Users/BUI THANH QUI/cpu_pipeline/cpu_pipeline.srcs/sources_1/imports/new/data_memory.v" into library xil_defaultlib
INFO: [VRFC 10-311] analyzing module data_memory
INFO: [VRFC 10-2263] Analyzing Verilog file "C:/Users/BUI THANH QUI/cpu_pipeline/cpu_pipeline.srcs/sources_1/imports/new/datapath.v" into library xil_defaultlib
INFO: [VRFC 10-311] analyzing module datapath
INFO: [VRFC 10-2263] Analyzing Verilog file "C:/Users/BUI THANH QUI/cpu_pipeline/cpu_pipeline.srcs/sources_1/imports/new/forwarding_unit.v" into library xil_defaultlib
INFO: [VRFC 10-311] analyzing module forwarding_unit
INFO: [VRFC 10-2263] Analyzing Verilog file "C:/Users/BUI THANH QUI/cpu_pipeline/cpu_pipeline.srcs/sources_1/imports/new/hazard_unit.v" into library xil_defaultlib
INFO: [VRFC 10-311] analyzing module hazard_unit
INFO: [VRFC 10-2263] Analyzing Verilog file "C:/Users/BUI THANH QUI/cpu_pipeline/cpu_pipeline.srcs/sources_1/imports/new/instruction_memory.v" into library xil_defaultlib
INFO: [VRFC 10-311] analyzing module instruction_memory
INFO: [VRFC 10-2263] Analyzing Verilog file "C:/Users/BUI THANH QUI/cpu_pipeline/cpu_pipeline.srcs/sources_1/imports/new/pipeline_registers.v" into library xil_defaultlib
INFO: [VRFC 10-311] analyzing module if_id_reg
INFO: [VRFC 10-311] analyzing module id_ex_reg
INFO: [VRFC 10-311] analyzing module ex_mem_reg
INFO: [VRFC 10-311] analyzing module mem_wb_reg
INFO: [VRFC 10-2263] Analyzing Verilog file "C:/Users/BUI THANH QUI/cpu_pipeline/cpu_pipeline.srcs/sources_1/imports/new/register_file.v" into library xil_defaultlib
INFO: [VRFC 10-311] analyzing module register_file
INFO: [VRFC 10-2263] Analyzing Verilog file "C:/Users/BUI THANH QUI/cpu_pipeline/cpu_pipeline.srcs/sources_1/imports/new/sign_extend.v" into library xil_defaultlib
INFO: [VRFC 10-311] analyzing module sign_extend
INFO: [VRFC 10-2263] Analyzing Verilog file "C:/Users/BUI THANH QUI/cpu_pipeline/cpu_pipeline.srcs/sim_1/imports/new/cpu_tb.v" into library xil_defaultlib
INFO: [VRFC 10-311] analyzing module cpu_tb
